<?xml version="1.0" encoding="UTF-8" ?>
<testsuite failures="0" time="1.657" errors="1" skipped="0" tests="1" name="edu.upc.clase.demo.dao.AcademiaDaoTest">
  <properties>
[...]
</properties>
  <testcase time="1.266" classname="edu.upc.clase.demo.dao.AcademiaDaoTest" name="InsertarAcademia">
    <error message="Error creating bean with name &apos;edu.upc.clase.demo.dao.AcademiaDaoTest&apos;: Injection of autowired dependencies failed; nested exception is org.springframework.beans.factory.BeanCreationException: Could not autowire field: private edu.upc.clase.demo.dao.AcademiaDao edu.upc.clase.demo.dao.AcademiaDaoTest.academiaDao; nested exception is org.springframework.beans.factory.NoSuchBeanDefinitionException: No matching bean of type [edu.upc.clase.demo.dao.AcademiaDao] found for dependency: expected at least 1 bean which qualifies as autowire candidate for this dependency. Dependency annotations: {@org.springframework.beans.factory.annotation.Autowired(required=true)}" type="org.springframework.beans.factory.BeanCreationException">org.springframework.beans.factory.BeanCreationException: Error creating bean with name &apos;edu.upc.clase.demo.dao.AcademiaDaoTest&apos;: Injection of autowired dependencies failed; nested exception is org.springframework.beans.factory.BeanCreationException: Could not autowire field: private edu.upc.clase.demo.dao.AcademiaDao edu.upc.clase.demo.dao.AcademiaDaoTest.academiaDao; nested exception is org.springframework.beans.factory.NoSuchBeanDefinitionException: No matching bean of type [edu.upc.clase.demo.dao.AcademiaDao] found for dependency: expected at least 1 bean which qualifies as autowire candidate for this dependency. Dependency annotations: {@org.springframework.beans.factory.annotation.Autowired(required=true)}
	at org.springframework.beans.factory.annotation.AutowiredAnnotationBeanPostProcessor.postProcessPropertyValues(AutowiredAnnotationBeanPostProcessor.java:287)
	at org.springframework.beans.factory.support.AbstractAutowireCapableBeanFactory.populateBean(AbstractAutowireCapableBeanFactory.java:1106)
	at org.springframework.beans.factory.support.AbstractAutowireCapableBeanFactory.autowireBeanProperties(AbstractAutowireCapableBeanFactory.java:374)
	at org.springframework.test.context.support.DependencyInjectionTestExecutionListener.injectDependencies(DependencyInjectionTestExecutionListener.java:110)
	at org.springframework.test.context.support.DependencyInjectionTestExecutionListener.prepareTestInstance(DependencyInjectionTestExecutionListener.java:75)
	at org.springframework.test.context.TestContextManager.prepareTestInstance(TestContextManager.java:321)
	at org.springframework.test.context.junit4.SpringJUnit4ClassRunner.createTest(SpringJUnit4ClassRunner.java:211)
	at org.springframework.test.context.junit4.SpringJUnit4ClassRunner$1.runReflectiveCall(SpringJUnit4ClassRunner.java:288)
	at org.junit.internal.runners.model.ReflectiveCallable.run(ReflectiveCallable.java:15)
	at org.springframework.test.context.junit4.SpringJUnit4ClassRunner.methodBlock(SpringJUnit4ClassRunner.java:290)
	at org.springframework.test.context.junit4.SpringJUnit4ClassRunner.runChild(SpringJUnit4ClassRunner.java:231)
	at org.junit.runners.BlockJUnit4ClassRunner.runChild(BlockJUnit4ClassRunner.java:49)
	at org.junit.runners.ParentRunner$3.run(ParentRunner.java:193)
	at org.junit.runners.ParentRunner$1.schedule(ParentRunner.java:52)
	at org.junit.runners.ParentRunner.runChildren(ParentRunner.java:191)
	at org.junit.runners.ParentRunner.access$000(ParentRunner.java:42)
	at org.junit.runners.ParentRunner$2.evaluate(ParentRunner.java:184)
	at org.springframework.test.context.junit4.statements.RunBeforeTestClassCallbacks.evaluate(RunBeforeTestClassCallbacks.java:61)
	at org.springframework.test.context.junit4.statements.RunAfterTestClassCallbacks.evaluate(RunAfterTestClassCallbacks.java:71)
	at org.junit.runners.ParentRunner.run(ParentRunner.java:236)
	at org.springframework.test.context.junit4.SpringJUnit4ClassRunner.run(SpringJUnit4ClassRunner.java:174)
	at org.apache.maven.surefire.junit4.JUnit4TestSet.execute(JUnit4TestSet.java:53)
	at org.apache.maven.surefire.junit4.JUnit4Provider.executeTestSet(JUnit4Provider.java:123)
	at org.apache.maven.surefire.junit4.JUnit4Provider.invoke(JUnit4Provider.java:104)
	at sun.reflect.NativeMethodAccessorImpl.invoke0(Native Method)
	at sun.reflect.NativeMethodAccessorImpl.invoke(NativeMethodAccessorImpl.java:57)
	at sun.reflect.DelegatingMethodAccessorImpl.invoke(DelegatingMethodAccessorImpl.java:43)
	at java.lang.reflect.Method.invoke(Method.java:606)
	at org.apache.maven.surefire.util.ReflectionUtils.invokeMethodWithArray(ReflectionUtils.java:164)
	at org.apache.maven.surefire.booter.ProviderFactory$ProviderProxy.invoke(ProviderFactory.java:110)
	at org.apache.maven.surefire.booter.SurefireStarter.invokeProvider(SurefireStarter.java:175)
	at org.apache.maven.surefire.booter.SurefireStarter.runSuitesInProcessWhenForked(SurefireStarter.java:107)
	at org.apache.maven.surefire.booter.ForkedBooter.main(ForkedBooter.java:68)
Caused by: org.springframework.beans.factory.BeanCreationException: Could not autowire field: private edu.upc.clase.demo.dao.AcademiaDao edu.upc.clase.demo.dao.AcademiaDaoTest.academiaDao; nested exception is org.springframework.beans.factory.NoSuchBeanDefinitionException: No matching bean of type [edu.upc.clase.demo.dao.AcademiaDao] found for dependency: expected at least 1 bean which qualifies as autowire candidate for this dependency. Dependency annotations: {@org.springframework.beans.factory.annotation.Autowired(required=true)}
	at org.springframework.beans.factory.annotation.AutowiredAnnotationBeanPostProcessor$AutowiredFieldElement.inject(AutowiredAnnotationBeanPostProcessor.java:506)
	at org.springframework.beans.factory.annotation.InjectionMetadata.inject(InjectionMetadata.java:87)
	at org.springframework.beans.factory.annotation.AutowiredAnnotationBeanPostProcessor.postProcessPropertyValues(AutowiredAnnotationBeanPostProcessor.java:284)
	... 32 more
Caused by: org.springframework.beans.factory.NoSuchBeanDefinitionException: No matching bean of type [edu.upc.clase.demo.dao.AcademiaDao] found for dependency: expected at least 1 bean which qualifies as autowire candidate for this dependency. Dependency annotations: {@org.springframework.beans.factory.annotation.Autowired(required=true)}
	at org.springframework.beans.factory.support.DefaultListableBeanFactory.raiseNoSuchBeanDefinitionException(DefaultListableBeanFactory.java:924)
	at org.springframework.beans.factory.support.DefaultListableBeanFactory.doResolveDependency(DefaultListableBeanFactory.java:793)
	at org.springframework.beans.factory.support.DefaultListableBeanFactory.resolveDependency(DefaultListableBeanFactory.java:707)
	at org.springframework.beans.factory.annotation.AutowiredAnnotationBeanPostProcessor$AutowiredFieldElement.inject(AutowiredAnnotationBeanPostProcessor.java:478)
	... 34 more
</error>
    <system-out>10/10/2013 03:07:44 DEBUG (SpringJUnit4ClassRunner.java:106) SpringJUnit4ClassRunner constructor called with [class edu.upc.clase.demo.dao.AcademiaDaoTest].
10/10/2013 03:07:44 DEBUG (DelegatingSmartContextLoader.java:75) Delegating to GenericXmlContextLoader to process context configuration [ContextConfigurationAttributes@15be8d3 declaringClass = &apos;edu.upc.clase.demo.dao.AcademiaDaoTest&apos;, locations = &apos;{/spring-base-test.xml}&apos;, classes = &apos;{}&apos;, inheritLocations = true, contextLoaderClass = &apos;org.springframework.test.context.ContextLoader&apos;].
10/10/2013 03:07:44 DEBUG (ContextLoaderUtils.java:236) Could not find an &apos;annotation declaring class&apos; for annotation type [interface org.springframework.test.context.ActiveProfiles] and class [class edu.upc.clase.demo.dao.AcademiaDaoTest]
10/10/2013 03:07:44 INFO  (TestContextManager.java:185) @TestExecutionListeners is not present for class [class edu.upc.clase.demo.dao.AcademiaDaoTest]: using defaults.
10/10/2013 03:07:44 DEBUG (ProfileValueUtils.java:68) Retrieved @ProfileValueSourceConfiguration [null] for test class [edu.upc.clase.demo.dao.AcademiaDaoTest]
10/10/2013 03:07:44 DEBUG (ProfileValueUtils.java:80) Retrieved ProfileValueSource type [class org.springframework.test.annotation.SystemProfileValueSource] for class [edu.upc.clase.demo.dao.AcademiaDaoTest]
10/10/2013 03:07:44 DEBUG (ProfileValueUtils.java:68) Retrieved @ProfileValueSourceConfiguration [null] for test class [edu.upc.clase.demo.dao.AcademiaDaoTest]
10/10/2013 03:07:44 DEBUG (ProfileValueUtils.java:80) Retrieved ProfileValueSource type [class org.springframework.test.annotation.SystemProfileValueSource] for class [edu.upc.clase.demo.dao.AcademiaDaoTest]
10/10/2013 03:07:44 DEBUG (ProfileValueUtils.java:68) Retrieved @ProfileValueSourceConfiguration [null] for test class [edu.upc.clase.demo.dao.AcademiaDaoTest]
10/10/2013 03:07:44 DEBUG (ProfileValueUtils.java:80) Retrieved ProfileValueSource type [class org.springframework.test.annotation.SystemProfileValueSource] for class [edu.upc.clase.demo.dao.AcademiaDaoTest]
10/10/2013 03:07:44 DEBUG (DependencyInjectionTestExecutionListener.java:73) Performing dependency injection for test context [[TestContext@168af51 testClass = AcademiaDaoTest, testInstance = edu.upc.clase.demo.dao.AcademiaDaoTest@1ce168b, testMethod = [null], testException = [null], mergedContextConfiguration = [MergedContextConfiguration@12a09d5 testClass = AcademiaDaoTest, locations = &apos;{classpath:/spring-base-test.xml}&apos;, classes = &apos;{}&apos;, activeProfiles = &apos;{}&apos;, contextLoader = &apos;org.springframework.test.context.support.DelegatingSmartContextLoader&apos;]]].
10/10/2013 03:07:44 DEBUG (DelegatingSmartContextLoader.java:226) Delegating to GenericXmlContextLoader to load context from [MergedContextConfiguration@12a09d5 testClass = AcademiaDaoTest, locations = &apos;{classpath:/spring-base-test.xml}&apos;, classes = &apos;{}&apos;, activeProfiles = &apos;{}&apos;, contextLoader = &apos;org.springframework.test.context.support.DelegatingSmartContextLoader&apos;].
10/10/2013 03:07:44 DEBUG (AbstractGenericContextLoader.java:93) Loading ApplicationContext for merged context configuration [[MergedContextConfiguration@12a09d5 testClass = AcademiaDaoTest, locations = &apos;{classpath:/spring-base-test.xml}&apos;, classes = &apos;{}&apos;, activeProfiles = &apos;{}&apos;, contextLoader = &apos;org.springframework.test.context.support.DelegatingSmartContextLoader&apos;]].
10/10/2013 03:07:44 DEBUG (AbstractEnvironment.java:114) Initializing new StandardEnvironment
10/10/2013 03:07:44 DEBUG (MutablePropertySources.java:103) Adding [systemProperties] PropertySource with lowest search precedence
10/10/2013 03:07:44 DEBUG (MutablePropertySources.java:103) Adding [systemEnvironment] PropertySource with lowest search precedence
10/10/2013 03:07:44 DEBUG (AbstractEnvironment.java:120) Initialized StandardEnvironment with PropertySources [systemProperties,systemEnvironment]
10/10/2013 03:07:44 DEBUG (AbstractEnvironment.java:114) Initializing new StandardEnvironment
10/10/2013 03:07:44 DEBUG (MutablePropertySources.java:103) Adding [systemProperties] PropertySource with lowest search precedence
10/10/2013 03:07:44 DEBUG (MutablePropertySources.java:103) Adding [systemEnvironment] PropertySource with lowest search precedence
10/10/2013 03:07:44 DEBUG (AbstractEnvironment.java:120) Initialized StandardEnvironment with PropertySources [systemProperties,systemEnvironment]
10/10/2013 03:07:44 INFO  (XmlBeanDefinitionReader.java:315) Loading XML bean definitions from class path resource [spring-base-test.xml]
10/10/2013 03:07:44 DEBUG (DefaultDocumentLoader.java:72) Using JAXP provider [com.sun.org.apache.xerces.internal.jaxp.DocumentBuilderFactoryImpl]
10/10/2013 03:07:44 DEBUG (PluggableSchemaResolver.java:140) Loading schema mappings from [META-INF/spring.schemas]
10/10/2013 03:07:44 DEBUG (PluggableSchemaResolver.java:146) Loaded schema mappings: {http://www.springframework.org/schema/util/spring-util.xsd=org/springframework/beans/factory/xml/spring-util-3.1.xsd, http://www.springframework.org/schema/mvc/spring-mvc-3.1.xsd=org/springframework/web/servlet/config/spring-mvc-3.1.xsd, http://www.springframework.org/schema/beans/spring-beans-3.1.xsd=org/springframework/beans/factory/xml/spring-beans-3.1.xsd, http://www.springframework.org/schema/task/spring-task.xsd=org/springframework/scheduling/config/spring-task-3.1.xsd, http://www.springframework.org/schema/security/spring-security-2.0.2.xsd=org/springframework/security/config/spring-security-2.0.2.xsd, http://www.springframework.org/schema/cache/spring-cache.xsd=org/springframework/cache/config/spring-cache-3.1.xsd, http://www.springframework.org/schema/aop/spring-aop-3.0.xsd=org/springframework/aop/config/spring-aop-3.0.xsd, http://www.springframework.org/schema/aop/spring-aop-2.0.xsd=org/springframework/aop/config/spring-aop-2.0.xsd, http://www.springframework.org/schema/task/spring-task-3.1.xsd=org/springframework/scheduling/config/spring-task-3.1.xsd, http://www.springframework.org/schema/tool/spring-tool-2.5.xsd=org/springframework/beans/factory/xml/spring-tool-2.5.xsd, http://www.springframework.org/schema/security/spring-security-3.1.xsd=org/springframework/security/config/spring-security-3.1.xsd, http://www.springframework.org/schema/beans/spring-beans.xsd=org/springframework/beans/factory/xml/spring-beans-3.1.xsd, http://www.springframework.org/schema/jee/spring-jee-2.5.xsd=org/springframework/ejb/config/spring-jee-2.5.xsd, http://www.springframework.org/schema/jdbc/spring-jdbc-3.1.xsd=org/springframework/jdbc/config/spring-jdbc-3.1.xsd, http://www.springframework.org/schema/tool/spring-tool-3.1.xsd=org/springframework/beans/factory/xml/spring-tool-3.1.xsd, http://www.springframework.org/schema/security/spring-security-3.0.3.xsd=org/springframework/security/config/spring-security-3.0.3.xsd, http://www.springframework.org/schema/aop/spring-aop.xsd=org/springframework/aop/config/spring-aop-3.0.xsd, http://www.springframework.org/schema/jee/spring-jee-3.1.xsd=org/springframework/ejb/config/spring-jee-3.1.xsd, http://www.springframework.org/schema/beans/spring-beans-2.0.xsd=org/springframework/beans/factory/xml/spring-beans-2.0.xsd, http://www.springframework.org/schema/mvc/spring-mvc-3.0.xsd=org/springframework/web/servlet/config/spring-mvc-3.0.xsd, http://www.springframework.org/schema/beans/spring-beans-3.0.xsd=org/springframework/beans/factory/xml/spring-beans-3.0.xsd, http://www.springframework.org/schema/security/spring-security-2.0.1.xsd=org/springframework/security/config/spring-security-2.0.1.xsd, http://www.springframework.org/schema/task/spring-task-3.0.xsd=org/springframework/scheduling/config/spring-task-3.0.xsd, http://www.springframework.org/schema/security/spring-security-2.0.xsd=org/springframework/security/config/spring-security-2.0.xsd, http://www.springframework.org/schema/security/spring-security-3.0.xsd=org/springframework/security/config/spring-security-3.0.xsd, http://www.springframework.org/schema/tx/spring-tx-2.5.xsd=org/springframework/transaction/config/spring-tx-2.5.xsd, http://www.springframework.org/schema/context/spring-context-2.5.xsd=org/springframework/context/config/spring-context-2.5.xsd, http://www.springframework.org/schema/jdbc/spring-jdbc-3.0.xsd=org/springframework/jdbc/config/spring-jdbc-3.0.xsd, http://www.springframework.org/schema/tool/spring-tool-3.0.xsd=org/springframework/beans/factory/xml/spring-tool-3.0.xsd, http://www.springframework.org/schema/tx/spring-tx.xsd=org/springframework/transaction/config/spring-tx-3.1.xsd, http://www.springframework.org/schema/tool/spring-tool-2.0.xsd=org/springframework/beans/factory/xml/spring-tool-2.0.xsd, http://www.springframework.org/schema/util/spring-util-2.5.xsd=org/springframework/beans/factory/xml/spring-util-2.5.xsd, http://www.springframework.org/schema/lang/spring-lang.xsd=org/springframework/scripting/config/spring-lang-3.1.xsd, http://www.springframework.org/schema/lang/spring-lang-2.5.xsd=org/springframework/scripting/config/spring-lang-2.5.xsd, http://www.springframework.org/schema/security/spring-security-2.0.4.xsd=org/springframework/security/config/spring-security-2.0.4.xsd, http://www.springframework.org/schema/jee/spring-jee-3.0.xsd=org/springframework/ejb/config/spring-jee-3.0.xsd, http://www.springframework.org/schema/tx/spring-tx-3.1.xsd=org/springframework/transaction/config/spring-tx-3.1.xsd, http://www.springframework.org/schema/jee/spring-jee-2.0.xsd=org/springframework/ejb/config/spring-jee-2.0.xsd, http://www.springframework.org/schema/context/spring-context-3.1.xsd=org/springframework/context/config/spring-context-3.1.xsd, http://www.springframework.org/schema/util/spring-util-3.1.xsd=org/springframework/beans/factory/xml/spring-util-3.1.xsd, http://www.springframework.org/schema/lang/spring-lang-3.1.xsd=org/springframework/scripting/config/spring-lang-3.1.xsd, http://www.springframework.org/schema/cache/spring-cache-3.1.xsd=org/springframework/cache/config/spring-cache-3.1.xsd, http://www.springframework.org/schema/security/spring-security.xsd=org/springframework/security/config/spring-security-3.1.xsd, http://www.springframework.org/schema/context/spring-context.xsd=org/springframework/context/config/spring-context-3.1.xsd, http://www.springframework.org/schema/jee/spring-jee.xsd=org/springframework/ejb/config/spring-jee-3.1.xsd, http://www.springframework.org/schema/aop/spring-aop-2.5.xsd=org/springframework/aop/config/spring-aop-2.5.xsd, http://www.springframework.org/schema/mvc/spring-mvc.xsd=org/springframework/web/servlet/config/spring-mvc-3.1.xsd, http://www.springframework.org/schema/jdbc/spring-jdbc.xsd=org/springframework/jdbc/config/spring-jdbc-3.1.xsd, http://www.springframework.org/schema/tx/spring-tx-2.0.xsd=org/springframework/transaction/config/spring-tx-2.0.xsd, http://www.springframework.org/schema/tx/spring-tx-3.0.xsd=org/springframework/transaction/config/spring-tx-3.0.xsd, http://www.springframework.org/schema/context/spring-context-3.0.xsd=org/springframework/context/config/spring-context-3.0.xsd, http://www.springframework.org/schema/tool/spring-tool.xsd=org/springframework/beans/factory/xml/spring-tool-3.1.xsd, http://www.springframework.org/schema/util/spring-util-3.0.xsd=org/springframework/beans/factory/xml/spring-util-3.0.xsd, http://www.springframework.org/schema/lang/spring-lang-3.0.xsd=org/springframework/scripting/config/spring-lang-3.0.xsd, http://www.springframework.org/schema/util/spring-util-2.0.xsd=org/springframework/beans/factory/xml/spring-util-2.0.xsd, http://www.springframework.org/schema/lang/spring-lang-2.0.xsd=org/springframework/scripting/config/spring-lang-2.0.xsd, http://www.springframework.org/schema/beans/spring-beans-2.5.xsd=org/springframework/beans/factory/xml/spring-beans-2.5.xsd}
10/10/2013 03:07:44 DEBUG (PluggableSchemaResolver.java:118) Found XML schema [http://www.springframework.org/schema/beans/spring-beans.xsd] in classpath: org/springframework/beans/factory/xml/spring-beans-3.1.xsd
10/10/2013 03:07:45 DEBUG (PluggableSchemaResolver.java:118) Found XML schema [http://www.springframework.org/schema/context/spring-context-3.0.xsd] in classpath: org/springframework/context/config/spring-context-3.0.xsd
10/10/2013 03:07:45 DEBUG (PluggableSchemaResolver.java:118) Found XML schema [http://www.springframework.org/schema/tool/spring-tool-3.0.xsd] in classpath: org/springframework/beans/factory/xml/spring-tool-3.0.xsd
10/10/2013 03:07:45 DEBUG (PluggableSchemaResolver.java:118) Found XML schema [http://www.springframework.org/schema/jdbc/spring-jdbc-3.0.xsd] in classpath: org/springframework/jdbc/config/spring-jdbc-3.0.xsd
10/10/2013 03:07:45 DEBUG (DefaultBeanDefinitionDocumentReader.java:108) Loading bean definitions
10/10/2013 03:07:45 DEBUG (DefaultNamespaceHandlerResolver.java:156) Loaded NamespaceHandler mappings: {http://www.springframework.org/schema/p=org.springframework.beans.factory.xml.SimplePropertyNamespaceHandler, http://www.springframework.org/schema/mvc=org.springframework.web.servlet.config.MvcNamespaceHandler, http://www.springframework.org/schema/util=org.springframework.beans.factory.xml.UtilNamespaceHandler, http://www.springframework.org/schema/jee=org.springframework.ejb.config.JeeNamespaceHandler, http://www.springframework.org/schema/aop=org.springframework.aop.config.AopNamespaceHandler, http://www.springframework.org/schema/jdbc=org.springframework.jdbc.config.JdbcNamespaceHandler, http://www.springframework.org/schema/cache=org.springframework.cache.config.CacheNamespaceHandler, http://www.springframework.org/schema/c=org.springframework.beans.factory.xml.SimpleConstructorNamespaceHandler, http://www.springframework.org/schema/security=org.springframework.security.config.SecurityNamespaceHandler, http://www.springframework.org/schema/tx=org.springframework.transaction.config.TxNamespaceHandler, http://www.springframework.org/schema/task=org.springframework.scheduling.config.TaskNamespaceHandler, http://www.springframework.org/schema/lang=org.springframework.scripting.config.LangNamespaceHandler, http://www.springframework.org/schema/context=org.springframework.context.config.ContextNamespaceHandler}
10/10/2013 03:07:45 INFO  (ClassPathScanningCandidateComponentProvider.java:210) JSR-330 &apos;javax.inject.Named&apos; annotation found and supported for component scanning
10/10/2013 03:07:45 DEBUG (PathMatchingResourcePatternResolver.java:550) Looking for matching resources in directory tree [E:\Mis Documentos\WebBenedicto\spring-webBenedicto\spring-webmvc\target\test-classes\edu\upc\clase\demo\dao]
10/10/2013 03:07:45 DEBUG (PathMatchingResourcePatternResolver.java:612) Searching directory [E:\Mis Documentos\WebBenedicto\spring-webBenedicto\spring-webmvc\target\test-classes\edu\upc\clase\demo\dao] for files matching pattern [E:/Mis Documentos/WebBenedicto/spring-webBenedicto/spring-webmvc/target/test-classes/edu/upc/clase/demo/dao/**/*.class]
10/10/2013 03:07:45 DEBUG (PathMatchingResourcePatternResolver.java:550) Looking for matching resources in directory tree [E:\Mis Documentos\WebBenedicto\spring-webBenedicto\spring-webmvc\target\classes\edu\upc\clase\demo\dao]
10/10/2013 03:07:45 DEBUG (PathMatchingResourcePatternResolver.java:612) Searching directory [E:\Mis Documentos\WebBenedicto\spring-webBenedicto\spring-webmvc\target\classes\edu\upc\clase\demo\dao] for files matching pattern [E:/Mis Documentos/WebBenedicto/spring-webBenedicto/spring-webmvc/target/classes/edu/upc/clase/demo/dao/**/*.class]
10/10/2013 03:07:45 DEBUG (PathMatchingResourcePatternResolver.java:612) Searching directory [E:\Mis Documentos\WebBenedicto\spring-webBenedicto\spring-webmvc\target\classes\edu\upc\clase\demo\dao\impl] for files matching pattern [E:/Mis Documentos/WebBenedicto/spring-webBenedicto/spring-webmvc/target/classes/edu/upc/clase/demo/dao/**/*.class]
10/10/2013 03:07:45 DEBUG (PathMatchingResourcePatternResolver.java:351) Resolved location pattern [classpath*:edu/upc/clase/demo/dao/**/*.class] to resources [file [E:\Mis Documentos\WebBenedicto\spring-webBenedicto\spring-webmvc\target\test-classes\edu\upc\clase\demo\dao\AcademiaDaoTest.class], file [E:\Mis Documentos\WebBenedicto\spring-webBenedicto\spring-webmvc\target\test-classes\edu\upc\clase\demo\dao\AlumnoDaoTest.class], file [E:\Mis Documentos\WebBenedicto\spring-webBenedicto\spring-webmvc\target\classes\edu\upc\clase\demo\dao\AcademiaDao.class], file [E:\Mis Documentos\WebBenedicto\spring-webBenedicto\spring-webmvc\target\classes\edu\upc\clase\demo\dao\AlumnoDao.class], file [E:\Mis Documentos\WebBenedicto\spring-webBenedicto\spring-webmvc\target\classes\edu\upc\clase\demo\dao\CursoDao.class], file [E:\Mis Documentos\WebBenedicto\spring-webBenedicto\spring-webmvc\target\classes\edu\upc\clase\demo\dao\impl\AcademiaDaoImpl.class], file [E:\Mis Documentos\WebBenedicto\spring-webBenedicto\spring-webmvc\target\classes\edu\upc\clase\demo\dao\impl\AlumnoDaoImpl.class], file [E:\Mis Documentos\WebBenedicto\spring-webBenedicto\spring-webmvc\target\classes\edu\upc\clase\demo\dao\impl\CursoDaoImpl.class], file [E:\Mis Documentos\WebBenedicto\spring-webBenedicto\spring-webmvc\target\classes\edu\upc\clase\demo\dao\impl\NegocioDaoImpl.class], file [E:\Mis Documentos\WebBenedicto\spring-webBenedicto\spring-webmvc\target\classes\edu\upc\clase\demo\dao\impl\ProfesorDaoImpl.class], file [E:\Mis Documentos\WebBenedicto\spring-webBenedicto\spring-webmvc\target\classes\edu\upc\clase\demo\dao\impl\UsuarioDaoImpl.class], file [E:\Mis Documentos\WebBenedicto\spring-webBenedicto\spring-webmvc\target\classes\edu\upc\clase\demo\dao\NegocioDao.class], file [E:\Mis Documentos\WebBenedicto\spring-webBenedicto\spring-webmvc\target\classes\edu\upc\clase\demo\dao\ProfesorDao.class], file [E:\Mis Documentos\WebBenedicto\spring-webBenedicto\spring-webmvc\target\classes\edu\upc\clase\demo\dao\UsuarioDao.class]]
10/10/2013 03:07:45 DEBUG (ClassPathScanningCandidateComponentProvider.java:244) Identified candidate component class: file [E:\Mis Documentos\WebBenedicto\spring-webBenedicto\spring-webmvc\target\classes\edu\upc\clase\demo\dao\impl\AlumnoDaoImpl.class]
10/10/2013 03:07:45 DEBUG (ClassPathScanningCandidateComponentProvider.java:244) Identified candidate component class: file [E:\Mis Documentos\WebBenedicto\spring-webBenedicto\spring-webmvc\target\classes\edu\upc\clase\demo\dao\impl\NegocioDaoImpl.class]
10/10/2013 03:07:45 DEBUG (ClassPathScanningCandidateComponentProvider.java:244) Identified candidate component class: file [E:\Mis Documentos\WebBenedicto\spring-webBenedicto\spring-webmvc\target\classes\edu\upc\clase\demo\dao\impl\UsuarioDaoImpl.class]
10/10/2013 03:07:45 INFO  (ClassPathScanningCandidateComponentProvider.java:210) JSR-330 &apos;javax.inject.Named&apos; annotation found and supported for component scanning
10/10/2013 03:07:45 DEBUG (PathMatchingResourcePatternResolver.java:550) Looking for matching resources in directory tree [E:\Mis Documentos\WebBenedicto\spring-webBenedicto\spring-webmvc\target\classes\edu\upc\clase\demo\service]
10/10/2013 03:07:45 DEBUG (PathMatchingResourcePatternResolver.java:612) Searching directory [E:\Mis Documentos\WebBenedicto\spring-webBenedicto\spring-webmvc\target\classes\edu\upc\clase\demo\service] for files matching pattern [E:/Mis Documentos/WebBenedicto/spring-webBenedicto/spring-webmvc/target/classes/edu/upc/clase/demo/service/**/*.class]
10/10/2013 03:07:45 DEBUG (PathMatchingResourcePatternResolver.java:351) Resolved location pattern [classpath*:edu/upc/clase/demo/service/**/*.class] to resources [file [E:\Mis Documentos\WebBenedicto\spring-webBenedicto\spring-webmvc\target\classes\edu\upc\clase\demo\service\UsuarioService.class]]
10/10/2013 03:07:45 DEBUG (AbstractBeanDefinitionReader.java:216) Loaded 11 bean definitions from location pattern [classpath:/spring-base-test.xml]
10/10/2013 03:07:45 INFO  (AbstractApplicationContext.java:495) Refreshing org.springframework.context.support.GenericApplicationContext@98f805: startup date [Thu Oct 10 03:07:45 COT 2013]; root of context hierarchy
10/10/2013 03:07:45 DEBUG (AbstractApplicationContext.java:525) Bean factory for org.springframework.context.support.GenericApplicationContext@98f805: org.springframework.beans.factory.support.DefaultListableBeanFactory@1e8065e: defining beans [alumnoDaoImpl,negocioDaoImpl,usuarioDaoImpl,org.springframework.context.annotation.internalConfigurationAnnotationProcessor,org.springframework.context.annotation.internalAutowiredAnnotationProcessor,org.springframework.context.annotation.internalRequiredAnnotationProcessor,org.springframework.context.annotation.internalCommonAnnotationProcessor,org.springframework.context.annotation.internalPersistenceAnnotationProcessor,dataSource,org.springframework.jdbc.datasource.init.DataSourceInitializer#0,transactionManager]; root of factory hierarchy
10/10/2013 03:07:45 DEBUG (DefaultSingletonBeanRegistry.java:217) Creating shared instance of singleton bean &apos;org.springframework.context.annotation.internalConfigurationAnnotationProcessor&apos;
10/10/2013 03:07:45 DEBUG (AbstractAutowireCapableBeanFactory.java:430) Creating instance of bean &apos;org.springframework.context.annotation.internalConfigurationAnnotationProcessor&apos;
10/10/2013 03:07:45 DEBUG (AbstractAutowireCapableBeanFactory.java:504) Eagerly caching bean &apos;org.springframework.context.annotation.internalConfigurationAnnotationProcessor&apos; to allow for resolving potential circular references
10/10/2013 03:07:45 DEBUG (AbstractAutowireCapableBeanFactory.java:458) Finished creating instance of bean &apos;org.springframework.context.annotation.internalConfigurationAnnotationProcessor&apos;
10/10/2013 03:07:45 DEBUG (DefaultSingletonBeanRegistry.java:217) Creating shared instance of singleton bean &apos;org.springframework.context.annotation.internalAutowiredAnnotationProcessor&apos;
10/10/2013 03:07:45 DEBUG (AbstractAutowireCapableBeanFactory.java:430) Creating instance of bean &apos;org.springframework.context.annotation.internalAutowiredAnnotationProcessor&apos;
10/10/2013 03:07:45 INFO  (AutowiredAnnotationBeanPostProcessor.java:139) JSR-330 &apos;javax.inject.Inject&apos; annotation found and supported for autowiring
10/10/2013 03:07:45 DEBUG (AbstractAutowireCapableBeanFactory.java:504) Eagerly caching bean &apos;org.springframework.context.annotation.internalAutowiredAnnotationProcessor&apos; to allow for resolving potential circular references
10/10/2013 03:07:45 DEBUG (AbstractAutowireCapableBeanFactory.java:458) Finished creating instance of bean &apos;org.springframework.context.annotation.internalAutowiredAnnotationProcessor&apos;
10/10/2013 03:07:45 DEBUG (DefaultSingletonBeanRegistry.java:217) Creating shared instance of singleton bean &apos;org.springframework.context.annotation.internalRequiredAnnotationProcessor&apos;
10/10/2013 03:07:45 DEBUG (AbstractAutowireCapableBeanFactory.java:430) Creating instance of bean &apos;org.springframework.context.annotation.internalRequiredAnnotationProcessor&apos;
10/10/2013 03:07:45 DEBUG (AbstractAutowireCapableBeanFactory.java:504) Eagerly caching bean &apos;org.springframework.context.annotation.internalRequiredAnnotationProcessor&apos; to allow for resolving potential circular references
10/10/2013 03:07:45 DEBUG (AbstractAutowireCapableBeanFactory.java:458) Finished creating instance of bean &apos;org.springframework.context.annotation.internalRequiredAnnotationProcessor&apos;
10/10/2013 03:07:45 DEBUG (DefaultSingletonBeanRegistry.java:217) Creating shared instance of singleton bean &apos;org.springframework.context.annotation.internalCommonAnnotationProcessor&apos;
10/10/2013 03:07:45 DEBUG (AbstractAutowireCapableBeanFactory.java:430) Creating instance of bean &apos;org.springframework.context.annotation.internalCommonAnnotationProcessor&apos;
10/10/2013 03:07:45 DEBUG (AbstractAutowireCapableBeanFactory.java:504) Eagerly caching bean &apos;org.springframework.context.annotation.internalCommonAnnotationProcessor&apos; to allow for resolving potential circular references
10/10/2013 03:07:45 DEBUG (AbstractAutowireCapableBeanFactory.java:458) Finished creating instance of bean &apos;org.springframework.context.annotation.internalCommonAnnotationProcessor&apos;
10/10/2013 03:07:45 DEBUG (DefaultSingletonBeanRegistry.java:217) Creating shared instance of singleton bean &apos;org.springframework.context.annotation.internalPersistenceAnnotationProcessor&apos;
10/10/2013 03:07:45 DEBUG (AbstractAutowireCapableBeanFactory.java:430) Creating instance of bean &apos;org.springframework.context.annotation.internalPersistenceAnnotationProcessor&apos;
10/10/2013 03:07:45 DEBUG (AbstractAutowireCapableBeanFactory.java:504) Eagerly caching bean &apos;org.springframework.context.annotation.internalPersistenceAnnotationProcessor&apos; to allow for resolving potential circular references
10/10/2013 03:07:45 DEBUG (AbstractAutowireCapableBeanFactory.java:458) Finished creating instance of bean &apos;org.springframework.context.annotation.internalPersistenceAnnotationProcessor&apos;
10/10/2013 03:07:45 DEBUG (DefaultSingletonBeanRegistry.java:217) Creating shared instance of singleton bean &apos;org.springframework.context.annotation.ConfigurationClassPostProcessor$ImportAwareBeanPostProcessor#0&apos;
10/10/2013 03:07:45 DEBUG (AbstractAutowireCapableBeanFactory.java:430) Creating instance of bean &apos;org.springframework.context.annotation.ConfigurationClassPostProcessor$ImportAwareBeanPostProcessor#0&apos;
10/10/2013 03:07:45 DEBUG (AbstractAutowireCapableBeanFactory.java:504) Eagerly caching bean &apos;org.springframework.context.annotation.ConfigurationClassPostProcessor$ImportAwareBeanPostProcessor#0&apos; to allow for resolving potential circular references
10/10/2013 03:07:45 DEBUG (AbstractAutowireCapableBeanFactory.java:458) Finished creating instance of bean &apos;org.springframework.context.annotation.ConfigurationClassPostProcessor$ImportAwareBeanPostProcessor#0&apos;
10/10/2013 03:07:45 DEBUG (AbstractApplicationContext.java:794) Unable to locate MessageSource with name &apos;messageSource&apos;: using default [org.springframework.context.support.DelegatingMessageSource@3b2558]
10/10/2013 03:07:45 DEBUG (AbstractApplicationContext.java:818) Unable to locate ApplicationEventMulticaster with name &apos;applicationEventMulticaster&apos;: using default [org.springframework.context.event.SimpleApplicationEventMulticaster@1843ea1]
10/10/2013 03:07:45 INFO  (DefaultListableBeanFactory.java:557) Pre-instantiating singletons in org.springframework.beans.factory.support.DefaultListableBeanFactory@1e8065e: defining beans [alumnoDaoImpl,negocioDaoImpl,usuarioDaoImpl,org.springframework.context.annotation.internalConfigurationAnnotationProcessor,org.springframework.context.annotation.internalAutowiredAnnotationProcessor,org.springframework.context.annotation.internalRequiredAnnotationProcessor,org.springframework.context.annotation.internalCommonAnnotationProcessor,org.springframework.context.annotation.internalPersistenceAnnotationProcessor,dataSource,org.springframework.jdbc.datasource.init.DataSourceInitializer#0,transactionManager,org.springframework.context.annotation.ConfigurationClassPostProcessor$ImportAwareBeanPostProcessor#0]; root of factory hierarchy
10/10/2013 03:07:45 DEBUG (DefaultSingletonBeanRegistry.java:217) Creating shared instance of singleton bean &apos;alumnoDaoImpl&apos;
10/10/2013 03:07:45 DEBUG (AbstractAutowireCapableBeanFactory.java:430) Creating instance of bean &apos;alumnoDaoImpl&apos;
10/10/2013 03:07:45 DEBUG (DefaultSingletonBeanRegistry.java:217) Creating shared instance of singleton bean &apos;dataSource&apos;
10/10/2013 03:07:45 DEBUG (AbstractAutowireCapableBeanFactory.java:430) Creating instance of bean &apos;dataSource&apos;
10/10/2013 03:07:45 DEBUG (AbstractAutowireCapableBeanFactory.java:504) Eagerly caching bean &apos;dataSource&apos; to allow for resolving potential circular references
10/10/2013 03:07:45 DEBUG (AbstractAutowireCapableBeanFactory.java:458) Finished creating instance of bean &apos;dataSource&apos;
10/10/2013 03:07:45 DEBUG (ConstructorResolver.java:739) Autowiring by type from bean name &apos;alumnoDaoImpl&apos; via constructor to bean named &apos;dataSource&apos;
10/10/2013 03:07:45 INFO  (AlumnoDaoImpl.java:30) Asignando el dataSource
10/10/2013 03:07:45 DEBUG (AbstractAutowireCapableBeanFactory.java:504) Eagerly caching bean &apos;alumnoDaoImpl&apos; to allow for resolving potential circular references
10/10/2013 03:07:45 DEBUG (AbstractAutowireCapableBeanFactory.java:1498) Invoking afterPropertiesSet() on bean with name &apos;alumnoDaoImpl&apos;
10/10/2013 03:07:45 DEBUG (AbstractAutowireCapableBeanFactory.java:458) Finished creating instance of bean &apos;alumnoDaoImpl&apos;
10/10/2013 03:07:45 DEBUG (DefaultSingletonBeanRegistry.java:217) Creating shared instance of singleton bean &apos;negocioDaoImpl&apos;
10/10/2013 03:07:45 DEBUG (AbstractAutowireCapableBeanFactory.java:430) Creating instance of bean &apos;negocioDaoImpl&apos;
10/10/2013 03:07:45 DEBUG (AbstractBeanFactory.java:245) Returning cached instance of singleton bean &apos;dataSource&apos;
10/10/2013 03:07:45 DEBUG (ConstructorResolver.java:739) Autowiring by type from bean name &apos;negocioDaoImpl&apos; via constructor to bean named &apos;dataSource&apos;
10/10/2013 03:07:45 INFO  (NegocioDaoImpl.java:30) Asignando el dataSource
10/10/2013 03:07:45 DEBUG (AbstractAutowireCapableBeanFactory.java:504) Eagerly caching bean &apos;negocioDaoImpl&apos; to allow for resolving potential circular references
10/10/2013 03:07:45 DEBUG (AbstractAutowireCapableBeanFactory.java:1498) Invoking afterPropertiesSet() on bean with name &apos;negocioDaoImpl&apos;
10/10/2013 03:07:45 DEBUG (AbstractAutowireCapableBeanFactory.java:458) Finished creating instance of bean &apos;negocioDaoImpl&apos;
10/10/2013 03:07:45 DEBUG (DefaultSingletonBeanRegistry.java:217) Creating shared instance of singleton bean &apos;usuarioDaoImpl&apos;
10/10/2013 03:07:45 DEBUG (AbstractAutowireCapableBeanFactory.java:430) Creating instance of bean &apos;usuarioDaoImpl&apos;
10/10/2013 03:07:45 DEBUG (AbstractBeanFactory.java:245) Returning cached instance of singleton bean &apos;dataSource&apos;
10/10/2013 03:07:45 DEBUG (ConstructorResolver.java:739) Autowiring by type from bean name &apos;usuarioDaoImpl&apos; via constructor to bean named &apos;dataSource&apos;
10/10/2013 03:07:45 INFO  (UsuarioDaoImpl.java:28) Asignando el dataSource
10/10/2013 03:07:45 DEBUG (AbstractAutowireCapableBeanFactory.java:504) Eagerly caching bean &apos;usuarioDaoImpl&apos; to allow for resolving potential circular references
10/10/2013 03:07:45 DEBUG (AbstractAutowireCapableBeanFactory.java:1498) Invoking afterPropertiesSet() on bean with name &apos;usuarioDaoImpl&apos;
10/10/2013 03:07:45 DEBUG (AbstractAutowireCapableBeanFactory.java:458) Finished creating instance of bean &apos;usuarioDaoImpl&apos;
10/10/2013 03:07:45 DEBUG (AbstractBeanFactory.java:245) Returning cached instance of singleton bean &apos;org.springframework.context.annotation.internalConfigurationAnnotationProcessor&apos;
10/10/2013 03:07:45 DEBUG (AbstractBeanFactory.java:245) Returning cached instance of singleton bean &apos;org.springframework.context.annotation.internalAutowiredAnnotationProcessor&apos;
10/10/2013 03:07:45 DEBUG (AbstractBeanFactory.java:245) Returning cached instance of singleton bean &apos;org.springframework.context.annotation.internalRequiredAnnotationProcessor&apos;
10/10/2013 03:07:45 DEBUG (AbstractBeanFactory.java:245) Returning cached instance of singleton bean &apos;org.springframework.context.annotation.internalCommonAnnotationProcessor&apos;
10/10/2013 03:07:45 DEBUG (AbstractBeanFactory.java:245) Returning cached instance of singleton bean &apos;org.springframework.context.annotation.internalPersistenceAnnotationProcessor&apos;
10/10/2013 03:07:45 DEBUG (AbstractBeanFactory.java:245) Returning cached instance of singleton bean &apos;dataSource&apos;
10/10/2013 03:07:45 DEBUG (DefaultSingletonBeanRegistry.java:217) Creating shared instance of singleton bean &apos;org.springframework.jdbc.datasource.init.DataSourceInitializer#0&apos;
10/10/2013 03:07:45 DEBUG (AbstractAutowireCapableBeanFactory.java:430) Creating instance of bean &apos;org.springframework.jdbc.datasource.init.DataSourceInitializer#0&apos;
10/10/2013 03:07:45 DEBUG (AbstractAutowireCapableBeanFactory.java:504) Eagerly caching bean &apos;org.springframework.jdbc.datasource.init.DataSourceInitializer#0&apos; to allow for resolving potential circular references
10/10/2013 03:07:45 DEBUG (AbstractBeanFactory.java:245) Returning cached instance of singleton bean &apos;dataSource&apos;
10/10/2013 03:07:45 DEBUG (AbstractEnvironment.java:114) Initializing new StandardEnvironment
10/10/2013 03:07:45 DEBUG (MutablePropertySources.java:103) Adding [systemProperties] PropertySource with lowest search precedence
10/10/2013 03:07:45 DEBUG (MutablePropertySources.java:103) Adding [systemEnvironment] PropertySource with lowest search precedence
10/10/2013 03:07:45 DEBUG (AbstractEnvironment.java:120) Initialized StandardEnvironment with PropertySources [systemProperties,systemEnvironment]
10/10/2013 03:07:45 DEBUG (AbstractEnvironment.java:114) Initializing new StandardEnvironment
10/10/2013 03:07:45 DEBUG (MutablePropertySources.java:103) Adding [systemProperties] PropertySource with lowest search precedence
10/10/2013 03:07:45 DEBUG (MutablePropertySources.java:103) Adding [systemEnvironment] PropertySource with lowest search precedence
10/10/2013 03:07:45 DEBUG (AbstractEnvironment.java:120) Initialized StandardEnvironment with PropertySources [systemProperties,systemEnvironment]
10/10/2013 03:07:45 DEBUG (AbstractEnvironment.java:114) Initializing new StandardEnvironment
10/10/2013 03:07:45 DEBUG (MutablePropertySources.java:103) Adding [systemProperties] PropertySource with lowest search precedence
10/10/2013 03:07:45 DEBUG (MutablePropertySources.java:103) Adding [systemEnvironment] PropertySource with lowest search precedence
10/10/2013 03:07:45 DEBUG (AbstractEnvironment.java:120) Initialized StandardEnvironment with PropertySources [systemProperties,systemEnvironment]
10/10/2013 03:07:45 DEBUG (AbstractEnvironment.java:114) Initializing new StandardEnvironment
10/10/2013 03:07:45 DEBUG (MutablePropertySources.java:103) Adding [systemProperties] PropertySource with lowest search precedence
10/10/2013 03:07:45 DEBUG (MutablePropertySources.java:103) Adding [systemEnvironment] PropertySource with lowest search precedence
10/10/2013 03:07:45 DEBUG (AbstractEnvironment.java:120) Initialized StandardEnvironment with PropertySources [systemProperties,systemEnvironment]
10/10/2013 03:07:45 DEBUG (AbstractEnvironment.java:114) Initializing new StandardEnvironment
10/10/2013 03:07:45 DEBUG (MutablePropertySources.java:103) Adding [systemProperties] PropertySource with lowest search precedence
10/10/2013 03:07:45 DEBUG (MutablePropertySources.java:103) Adding [systemEnvironment] PropertySource with lowest search precedence
10/10/2013 03:07:45 DEBUG (AbstractEnvironment.java:120) Initialized StandardEnvironment with PropertySources [systemProperties,systemEnvironment]
10/10/2013 03:07:45 DEBUG (AbstractAutowireCapableBeanFactory.java:430) Creating instance of bean &apos;(inner bean)&apos;
10/10/2013 03:07:45 DEBUG (AbstractAutowireCapableBeanFactory.java:430) Creating instance of bean &apos;(inner bean)&apos;
10/10/2013 03:07:45 DEBUG (AbstractAutowireCapableBeanFactory.java:430) Creating instance of bean &apos;(inner bean)&apos;
10/10/2013 03:07:45 DEBUG (AbstractEnvironment.java:114) Initializing new StandardEnvironment
10/10/2013 03:07:45 DEBUG (MutablePropertySources.java:103) Adding [systemProperties] PropertySource with lowest search precedence
10/10/2013 03:07:45 DEBUG (MutablePropertySources.java:103) Adding [systemEnvironment] PropertySource with lowest search precedence
10/10/2013 03:07:45 DEBUG (AbstractEnvironment.java:120) Initialized StandardEnvironment with PropertySources [systemProperties,systemEnvironment]
10/10/2013 03:07:45 DEBUG (AbstractEnvironment.java:114) Initializing new StandardEnvironment
10/10/2013 03:07:45 DEBUG (MutablePropertySources.java:103) Adding [systemProperties] PropertySource with lowest search precedence
10/10/2013 03:07:45 DEBUG (MutablePropertySources.java:103) Adding [systemEnvironment] PropertySource with lowest search precedence
10/10/2013 03:07:45 DEBUG (AbstractEnvironment.java:120) Initialized StandardEnvironment with PropertySources [systemProperties,systemEnvironment]
10/10/2013 03:07:45 DEBUG (AbstractEnvironment.java:114) Initializing new StandardEnvironment
10/10/2013 03:07:45 DEBUG (MutablePropertySources.java:103) Adding [systemProperties] PropertySource with lowest search precedence
10/10/2013 03:07:45 DEBUG (MutablePropertySources.java:103) Adding [systemEnvironment] PropertySource with lowest search precedence
10/10/2013 03:07:45 DEBUG (AbstractEnvironment.java:120) Initialized StandardEnvironment with PropertySources [systemProperties,systemEnvironment]
10/10/2013 03:07:45 DEBUG (AbstractEnvironment.java:114) Initializing new StandardEnvironment
10/10/2013 03:07:45 DEBUG (MutablePropertySources.java:103) Adding [systemProperties] PropertySource with lowest search precedence
10/10/2013 03:07:45 DEBUG (MutablePropertySources.java:103) Adding [systemEnvironment] PropertySource with lowest search precedence
10/10/2013 03:07:45 DEBUG (AbstractEnvironment.java:120) Initialized StandardEnvironment with PropertySources [systemProperties,systemEnvironment]
10/10/2013 03:07:45 DEBUG (AbstractEnvironment.java:114) Initializing new StandardEnvironment
10/10/2013 03:07:45 DEBUG (MutablePropertySources.java:103) Adding [systemProperties] PropertySource with lowest search precedence
10/10/2013 03:07:45 DEBUG (MutablePropertySources.java:103) Adding [systemEnvironment] PropertySource with lowest search precedence
10/10/2013 03:07:45 DEBUG (AbstractEnvironment.java:120) Initialized StandardEnvironment with PropertySources [systemProperties,systemEnvironment]
10/10/2013 03:07:45 DEBUG (BeanUtils.java:442) No property editor [org.springframework.core.io.ResourceLoaderEditor] found for type org.springframework.core.io.ResourceLoader according to &apos;Editor&apos; suffix convention
10/10/2013 03:07:45 DEBUG (AbstractAutowireCapableBeanFactory.java:1498) Invoking afterPropertiesSet() on bean with name &apos;(inner bean)&apos;
10/10/2013 03:07:45 DEBUG (AbstractAutowireCapableBeanFactory.java:458) Finished creating instance of bean &apos;(inner bean)&apos;
10/10/2013 03:07:45 DEBUG (AbstractAutowireCapableBeanFactory.java:458) Finished creating instance of bean &apos;(inner bean)&apos;
10/10/2013 03:07:45 DEBUG (AbstractAutowireCapableBeanFactory.java:430) Creating instance of bean &apos;(inner bean)#1&apos;
10/10/2013 03:07:45 DEBUG (AbstractAutowireCapableBeanFactory.java:430) Creating instance of bean &apos;(inner bean)#1&apos;
10/10/2013 03:07:45 DEBUG (AbstractEnvironment.java:114) Initializing new StandardEnvironment
10/10/2013 03:07:45 DEBUG (MutablePropertySources.java:103) Adding [systemProperties] PropertySource with lowest search precedence
10/10/2013 03:07:45 DEBUG (MutablePropertySources.java:103) Adding [systemEnvironment] PropertySource with lowest search precedence
10/10/2013 03:07:45 DEBUG (AbstractEnvironment.java:120) Initialized StandardEnvironment with PropertySources [systemProperties,systemEnvironment]
10/10/2013 03:07:45 DEBUG (AbstractEnvironment.java:114) Initializing new StandardEnvironment
10/10/2013 03:07:45 DEBUG (MutablePropertySources.java:103) Adding [systemProperties] PropertySource with lowest search precedence
10/10/2013 03:07:45 DEBUG (MutablePropertySources.java:103) Adding [systemEnvironment] PropertySource with lowest search precedence
10/10/2013 03:07:45 DEBUG (AbstractEnvironment.java:120) Initialized StandardEnvironment with PropertySources [systemProperties,systemEnvironment]
10/10/2013 03:07:45 DEBUG (AbstractEnvironment.java:114) Initializing new StandardEnvironment
10/10/2013 03:07:45 DEBUG (MutablePropertySources.java:103) Adding [systemProperties] PropertySource with lowest search precedence
10/10/2013 03:07:45 DEBUG (MutablePropertySources.java:103) Adding [systemEnvironment] PropertySource with lowest search precedence
10/10/2013 03:07:45 DEBUG (AbstractEnvironment.java:120) Initialized StandardEnvironment with PropertySources [systemProperties,systemEnvironment]
10/10/2013 03:07:45 DEBUG (AbstractEnvironment.java:114) Initializing new StandardEnvironment
10/10/2013 03:07:45 DEBUG (MutablePropertySources.java:103) Adding [systemProperties] PropertySource with lowest search precedence
10/10/2013 03:07:45 DEBUG (MutablePropertySources.java:103) Adding [systemEnvironment] PropertySource with lowest search precedence
10/10/2013 03:07:45 DEBUG (AbstractEnvironment.java:120) Initialized StandardEnvironment with PropertySources [systemProperties,systemEnvironment]
10/10/2013 03:07:45 DEBUG (AbstractEnvironment.java:114) Initializing new StandardEnvironment
10/10/2013 03:07:45 DEBUG (MutablePropertySources.java:103) Adding [systemProperties] PropertySource with lowest search precedence
10/10/2013 03:07:45 DEBUG (MutablePropertySources.java:103) Adding [systemEnvironment] PropertySource with lowest search precedence
10/10/2013 03:07:45 DEBUG (AbstractEnvironment.java:120) Initialized StandardEnvironment with PropertySources [systemProperties,systemEnvironment]
10/10/2013 03:07:45 DEBUG (AbstractAutowireCapableBeanFactory.java:1498) Invoking afterPropertiesSet() on bean with name &apos;(inner bean)#1&apos;
10/10/2013 03:07:45 DEBUG (AbstractAutowireCapableBeanFactory.java:458) Finished creating instance of bean &apos;(inner bean)#1&apos;
10/10/2013 03:07:45 DEBUG (AbstractAutowireCapableBeanFactory.java:458) Finished creating instance of bean &apos;(inner bean)#1&apos;
10/10/2013 03:07:45 DEBUG (AbstractEnvironment.java:114) Initializing new StandardEnvironment
10/10/2013 03:07:45 DEBUG (MutablePropertySources.java:103) Adding [systemProperties] PropertySource with lowest search precedence
10/10/2013 03:07:45 DEBUG (MutablePropertySources.java:103) Adding [systemEnvironment] PropertySource with lowest search precedence
10/10/2013 03:07:45 DEBUG (AbstractEnvironment.java:120) Initialized StandardEnvironment with PropertySources [systemProperties,systemEnvironment]
10/10/2013 03:07:45 DEBUG (AbstractEnvironment.java:114) Initializing new StandardEnvironment
10/10/2013 03:07:45 DEBUG (MutablePropertySources.java:103) Adding [systemProperties] PropertySource with lowest search precedence
10/10/2013 03:07:45 DEBUG (MutablePropertySources.java:103) Adding [systemEnvironment] PropertySource with lowest search precedence
10/10/2013 03:07:45 DEBUG (AbstractEnvironment.java:120) Initialized StandardEnvironment with PropertySources [systemProperties,systemEnvironment]
10/10/2013 03:07:45 DEBUG (AbstractEnvironment.java:114) Initializing new StandardEnvironment
10/10/2013 03:07:45 DEBUG (MutablePropertySources.java:103) Adding [systemProperties] PropertySource with lowest search precedence
10/10/2013 03:07:45 DEBUG (MutablePropertySources.java:103) Adding [systemEnvironment] PropertySource with lowest search precedence
10/10/2013 03:07:45 DEBUG (AbstractEnvironment.java:120) Initialized StandardEnvironment with PropertySources [systemProperties,systemEnvironment]
10/10/2013 03:07:45 DEBUG (AbstractEnvironment.java:114) Initializing new StandardEnvironment
10/10/2013 03:07:45 DEBUG (MutablePropertySources.java:103) Adding [systemProperties] PropertySource with lowest search precedence
10/10/2013 03:07:45 DEBUG (MutablePropertySources.java:103) Adding [systemEnvironment] PropertySource with lowest search precedence
10/10/2013 03:07:45 DEBUG (AbstractEnvironment.java:120) Initialized StandardEnvironment with PropertySources [systemProperties,systemEnvironment]
10/10/2013 03:07:45 DEBUG (AbstractEnvironment.java:114) Initializing new StandardEnvironment
10/10/2013 03:07:45 DEBUG (MutablePropertySources.java:103) Adding [systemProperties] PropertySource with lowest search precedence
10/10/2013 03:07:45 DEBUG (MutablePropertySources.java:103) Adding [systemEnvironment] PropertySource with lowest search precedence
10/10/2013 03:07:45 DEBUG (AbstractEnvironment.java:120) Initialized StandardEnvironment with PropertySources [systemProperties,systemEnvironment]
10/10/2013 03:07:45 DEBUG (AbstractAutowireCapableBeanFactory.java:458) Finished creating instance of bean &apos;(inner bean)&apos;
10/10/2013 03:07:45 DEBUG (AbstractAutowireCapableBeanFactory.java:430) Creating instance of bean &apos;(inner bean)#2&apos;
10/10/2013 03:07:45 DEBUG (AbstractEnvironment.java:114) Initializing new StandardEnvironment
10/10/2013 03:07:45 DEBUG (MutablePropertySources.java:103) Adding [systemProperties] PropertySource with lowest search precedence
10/10/2013 03:07:45 DEBUG (MutablePropertySources.java:103) Adding [systemEnvironment] PropertySource with lowest search precedence
10/10/2013 03:07:45 DEBUG (AbstractEnvironment.java:120) Initialized StandardEnvironment with PropertySources [systemProperties,systemEnvironment]
10/10/2013 03:07:45 DEBUG (AbstractEnvironment.java:114) Initializing new StandardEnvironment
10/10/2013 03:07:45 DEBUG (MutablePropertySources.java:103) Adding [systemProperties] PropertySource with lowest search precedence
10/10/2013 03:07:45 DEBUG (MutablePropertySources.java:103) Adding [systemEnvironment] PropertySource with lowest search precedence
10/10/2013 03:07:45 DEBUG (AbstractEnvironment.java:120) Initialized StandardEnvironment with PropertySources [systemProperties,systemEnvironment]
10/10/2013 03:07:45 DEBUG (AbstractEnvironment.java:114) Initializing new StandardEnvironment
10/10/2013 03:07:45 DEBUG (MutablePropertySources.java:103) Adding [systemProperties] PropertySource with lowest search precedence
10/10/2013 03:07:45 DEBUG (MutablePropertySources.java:103) Adding [systemEnvironment] PropertySource with lowest search precedence
10/10/2013 03:07:45 DEBUG (AbstractEnvironment.java:120) Initialized StandardEnvironment with PropertySources [systemProperties,systemEnvironment]
10/10/2013 03:07:45 DEBUG (AbstractEnvironment.java:114) Initializing new StandardEnvironment
10/10/2013 03:07:45 DEBUG (MutablePropertySources.java:103) Adding [systemProperties] PropertySource with lowest search precedence
10/10/2013 03:07:45 DEBUG (MutablePropertySources.java:103) Adding [systemEnvironment] PropertySource with lowest search precedence
10/10/2013 03:07:45 DEBUG (AbstractEnvironment.java:120) Initialized StandardEnvironment with PropertySources [systemProperties,systemEnvironment]
10/10/2013 03:07:45 DEBUG (AbstractEnvironment.java:114) Initializing new StandardEnvironment
10/10/2013 03:07:45 DEBUG (MutablePropertySources.java:103) Adding [systemProperties] PropertySource with lowest search precedence
10/10/2013 03:07:45 DEBUG (MutablePropertySources.java:103) Adding [systemEnvironment] PropertySource with lowest search precedence
10/10/2013 03:07:45 DEBUG (AbstractEnvironment.java:120) Initialized StandardEnvironment with PropertySources [systemProperties,systemEnvironment]
10/10/2013 03:07:45 DEBUG (AbstractAutowireCapableBeanFactory.java:458) Finished creating instance of bean &apos;(inner bean)#2&apos;
10/10/2013 03:07:45 DEBUG (AbstractAutowireCapableBeanFactory.java:1498) Invoking afterPropertiesSet() on bean with name &apos;org.springframework.jdbc.datasource.init.DataSourceInitializer#0&apos;
10/10/2013 03:07:45 DEBUG (AbstractAutowireCapableBeanFactory.java:458) Finished creating instance of bean &apos;org.springframework.jdbc.datasource.init.DataSourceInitializer#0&apos;
10/10/2013 03:07:45 DEBUG (DefaultSingletonBeanRegistry.java:217) Creating shared instance of singleton bean &apos;transactionManager&apos;
10/10/2013 03:07:45 DEBUG (AbstractAutowireCapableBeanFactory.java:430) Creating instance of bean &apos;transactionManager&apos;
10/10/2013 03:07:45 DEBUG (AbstractAutowireCapableBeanFactory.java:504) Eagerly caching bean &apos;transactionManager&apos; to allow for resolving potential circular references
10/10/2013 03:07:45 DEBUG (AbstractBeanFactory.java:245) Returning cached instance of singleton bean &apos;dataSource&apos;
10/10/2013 03:07:45 DEBUG (AbstractAutowireCapableBeanFactory.java:1498) Invoking afterPropertiesSet() on bean with name &apos;transactionManager&apos;
10/10/2013 03:07:45 DEBUG (AbstractAutowireCapableBeanFactory.java:458) Finished creating instance of bean &apos;transactionManager&apos;
10/10/2013 03:07:45 DEBUG (AbstractBeanFactory.java:245) Returning cached instance of singleton bean &apos;org.springframework.context.annotation.ConfigurationClassPostProcessor$ImportAwareBeanPostProcessor#0&apos;
10/10/2013 03:07:45 DEBUG (AbstractApplicationContext.java:845) Unable to locate LifecycleProcessor with name &apos;lifecycleProcessor&apos;: using default [org.springframework.context.support.DefaultLifecycleProcessor@195e579]
10/10/2013 03:07:45 DEBUG (AbstractBeanFactory.java:245) Returning cached instance of singleton bean &apos;lifecycleProcessor&apos;
10/10/2013 03:07:45 DEBUG (TestContext.java:150) Storing ApplicationContext for test class [class edu.upc.clase.demo.dao.AcademiaDaoTest] in cache under key [[MergedContextConfiguration@12a09d5 testClass = AcademiaDaoTest, locations = &apos;{classpath:/spring-base-test.xml}&apos;, classes = &apos;{}&apos;, activeProfiles = &apos;{}&apos;, contextLoader = &apos;org.springframework.test.context.support.DelegatingSmartContextLoader&apos;]].
10/10/2013 03:07:45 DEBUG (InjectionMetadata.java:60) Found injected element on class [edu.upc.clase.demo.dao.AcademiaDaoTest]: AutowiredFieldElement for private edu.upc.clase.demo.dao.AcademiaDao edu.upc.clase.demo.dao.AcademiaDaoTest.academiaDao
10/10/2013 03:07:45 DEBUG (InjectionMetadata.java:85) Processing injected method of bean &apos;edu.upc.clase.demo.dao.AcademiaDaoTest&apos;: AutowiredFieldElement for private edu.upc.clase.demo.dao.AcademiaDao edu.upc.clase.demo.dao.AcademiaDaoTest.academiaDao
10/10/2013 03:07:45 ERROR (TestContextManager.java:324) Caught exception while allowing TestExecutionListener [org.springframework.test.context.support.DependencyInjectionTestExecutionListener@1f52d1d] to prepare test instance [edu.upc.clase.demo.dao.AcademiaDaoTest@1ce168b]
org.springframework.beans.factory.BeanCreationException: Error creating bean with name &apos;edu.upc.clase.demo.dao.AcademiaDaoTest&apos;: Injection of autowired dependencies failed; nested exception is org.springframework.beans.factory.BeanCreationException: Could not autowire field: private edu.upc.clase.demo.dao.AcademiaDao edu.upc.clase.demo.dao.AcademiaDaoTest.academiaDao; nested exception is org.springframework.beans.factory.NoSuchBeanDefinitionException: No matching bean of type [edu.upc.clase.demo.dao.AcademiaDao] found for dependency: expected at least 1 bean which qualifies as autowire candidate for this dependency. Dependency annotations: {@org.springframework.beans.factory.annotation.Autowired(required=true)}
	at org.springframework.beans.factory.annotation.AutowiredAnnotationBeanPostProcessor.postProcessPropertyValues(AutowiredAnnotationBeanPostProcessor.java:287)
	at org.springframework.beans.factory.support.AbstractAutowireCapableBeanFactory.populateBean(AbstractAutowireCapableBeanFactory.java:1106)
	at org.springframework.beans.factory.support.AbstractAutowireCapableBeanFactory.autowireBeanProperties(AbstractAutowireCapableBeanFactory.java:374)
	at org.springframework.test.context.support.DependencyInjectionTestExecutionListener.injectDependencies(DependencyInjectionTestExecutionListener.java:110)
	at org.springframework.test.context.support.DependencyInjectionTestExecutionListener.prepareTestInstance(DependencyInjectionTestExecutionListener.java:75)
	at org.springframework.test.context.TestContextManager.prepareTestInstance(TestContextManager.java:321)
	at org.springframework.test.context.junit4.SpringJUnit4ClassRunner.createTest(SpringJUnit4ClassRunner.java:211)
	at org.springframework.test.context.junit4.SpringJUnit4ClassRunner$1.runReflectiveCall(SpringJUnit4ClassRunner.java:288)
	at org.junit.internal.runners.model.ReflectiveCallable.run(ReflectiveCallable.java:15)
	at org.springframework.test.context.junit4.SpringJUnit4ClassRunner.methodBlock(SpringJUnit4ClassRunner.java:290)
	at org.springframework.test.context.junit4.SpringJUnit4ClassRunner.runChild(SpringJUnit4ClassRunner.java:231)
	at org.junit.runners.BlockJUnit4ClassRunner.runChild(BlockJUnit4ClassRunner.java:49)
	at org.junit.runners.ParentRunner$3.run(ParentRunner.java:193)
	at org.junit.runners.ParentRunner$1.schedule(ParentRunner.java:52)
	at org.junit.runners.ParentRunner.runChildren(ParentRunner.java:191)
	at org.junit.runners.ParentRunner.access$000(ParentRunner.java:42)
	at org.junit.runners.ParentRunner$2.evaluate(ParentRunner.java:184)
	at org.springframework.test.context.junit4.statements.RunBeforeTestClassCallbacks.evaluate(RunBeforeTestClassCallbacks.java:61)
	at org.springframework.test.context.junit4.statements.RunAfterTestClassCallbacks.evaluate(RunAfterTestClassCallbacks.java:71)
	at org.junit.runners.ParentRunner.run(ParentRunner.java:236)
	at org.springframework.test.context.junit4.SpringJUnit4ClassRunner.run(SpringJUnit4ClassRunner.java:174)
	at org.apache.maven.surefire.junit4.JUnit4TestSet.execute(JUnit4TestSet.java:53)
	at org.apache.maven.surefire.junit4.JUnit4Provider.executeTestSet(JUnit4Provider.java:123)
	at org.apache.maven.surefire.junit4.JUnit4Provider.invoke(JUnit4Provider.java:104)
	at sun.reflect.NativeMethodAccessorImpl.invoke0(Native Method)
	at sun.reflect.NativeMethodAccessorImpl.invoke(NativeMethodAccessorImpl.java:57)
	at sun.reflect.DelegatingMethodAccessorImpl.invoke(DelegatingMethodAccessorImpl.java:43)
	at java.lang.reflect.Method.invoke(Method.java:606)
	at org.apache.maven.surefire.util.ReflectionUtils.invokeMethodWithArray(ReflectionUtils.java:164)
	at org.apache.maven.surefire.booter.ProviderFactory$ProviderProxy.invoke(ProviderFactory.java:110)
	at org.apache.maven.surefire.booter.SurefireStarter.invokeProvider(SurefireStarter.java:175)
	at org.apache.maven.surefire.booter.SurefireStarter.runSuitesInProcessWhenForked(SurefireStarter.java:107)
	at org.apache.maven.surefire.booter.ForkedBooter.main(ForkedBooter.java:68)
Caused by: org.springframework.beans.factory.BeanCreationException: Could not autowire field: private edu.upc.clase.demo.dao.AcademiaDao edu.upc.clase.demo.dao.AcademiaDaoTest.academiaDao; nested exception is org.springframework.beans.factory.NoSuchBeanDefinitionException: No matching bean of type [edu.upc.clase.demo.dao.AcademiaDao] found for dependency: expected at least 1 bean which qualifies as autowire candidate for this dependency. Dependency annotations: {@org.springframework.beans.factory.annotation.Autowired(required=true)}
	at org.springframework.beans.factory.annotation.AutowiredAnnotationBeanPostProcessor$AutowiredFieldElement.inject(AutowiredAnnotationBeanPostProcessor.java:506)
	at org.springframework.beans.factory.annotation.InjectionMetadata.inject(InjectionMetadata.java:87)
	at org.springframework.beans.factory.annotation.AutowiredAnnotationBeanPostProcessor.postProcessPropertyValues(AutowiredAnnotationBeanPostProcessor.java:284)
	... 32 more
Caused by: org.springframework.beans.factory.NoSuchBeanDefinitionException: No matching bean of type [edu.upc.clase.demo.dao.AcademiaDao] found for dependency: expected at least 1 bean which qualifies as autowire candidate for this dependency. Dependency annotations: {@org.springframework.beans.factory.annotation.Autowired(required=true)}
	at org.springframework.beans.factory.support.DefaultListableBeanFactory.raiseNoSuchBeanDefinitionException(DefaultListableBeanFactory.java:924)
	at org.springframework.beans.factory.support.DefaultListableBeanFactory.doResolveDependency(DefaultListableBeanFactory.java:793)
	at org.springframework.beans.factory.support.DefaultListableBeanFactory.resolveDependency(DefaultListableBeanFactory.java:707)
	at org.springframework.beans.factory.annotation.AutowiredAnnotationBeanPostProcessor$AutowiredFieldElement.inject(AutowiredAnnotationBeanPostProcessor.java:478)
	... 34 more
</system-out>
    <system-err>log4j:ERROR Could not find value for key log4j.appender.File
log4j:ERROR Could not instantiate appender named &quot;File&quot;.
</system-err>
  </testcase>
</testsuite>